AnalyticalGradientCalculator
BasicMinimumError
BFGSErrorUpdator
DavidonErrorUpdator
HessianGradientCalculator
InitialGradientCalculator
LaEigenValues
LaInnerProduct
LaInverse
LaOuterProduct
LaSumOfElements
LaVtMVSimilarity
MPIProcess
MinimumBuilder
MnApplication
MnContours
MnCovarianceSqueeze
MnFcn
MnFunctionCross
MnGlobalCorrelationCoeff
MnHesse
MnLineSearch
MnMachinePrecision
MnMinos
MnParabolaFactory
MnPlot
MnPosDef
MnPrint
MnSeedGenerator
MnStrategy
MnTiny
MnTraceObject
MnUserFcn
MnUserParameterState
MnUserParameters
MnUserTransformation
ModularFunctionMinimizer
NegativeG2LineSearch
Numerical2PGradientCalculator
SinParameterTransformation
SqrtLowParameterTransformation
SqrtUpParameterTransformation
VariableMetricBuilder
VariableMetricEDMEstimator
mnbins
mndasum
mndaxpy
mnddot
mndscal
mndspmv
mndspr
mnlsame
mnteigen
mntplot
mnvert
mnxerbla
